<?xml version="1.0" encoding="UTF-8"?>
<!-- Generated by org.testng.reporters.JUnitXMLReporter -->
<testsuite hostname="LAPTOP-J03VR5B2" ignored="0" name="Default test" tests="3" failures="0" timestamp="2020-07-15T13:27:16 IST" time="62.496" errors="0">
  <testcase name="LoginPageTitleTest" time="0.21" classname="com.orangehrm.testcases.LoginPageTest"/>
  <testcase name="LoginPageLogoTest" time="0.797" classname="com.orangehrm.testcases.LoginPageTest"/>
  <testcase name="LoginTest" time="6.082" classname="com.orangehrm.testcases.LoginPageTest"/>
</testsuite> <!-- Default test -->
