<?xml version="1.0" encoding="UTF-8"?>
<!-- Generated by org.testng.reporters.JUnitXMLReporter -->
<testsuite hostname="LAPTOP-J03VR5B2" ignored="0" name="Default test" tests="3" failures="0" timestamp="2020-06-08T22:48:03 IST" time="55.898" errors="0">
  <testcase name="LoginPageTitleTest" time="0.015" classname="com.orangehrm.testcases.LoginPageTest"/>
  <testcase name="LoginPageLogoTest" time="0.132" classname="com.orangehrm.testcases.LoginPageTest"/>
  <testcase name="LoginTest" time="8.967" classname="com.orangehrm.testcases.LoginPageTest"/>
</testsuite> <!-- Default test -->
