<?xml version="1.0" encoding="UTF-8"?>
<testng-results skipped="0" failed="0" ignored="0" total="3" passed="3">
  <reporter-output>
  </reporter-output>
  <suite name="Default suite" duration-ms="55898" started-at="2020-06-08T22:47:07 IST" finished-at="2020-06-08T22:48:03 IST">
    <groups>
    </groups>
    <test name="Default test" duration-ms="55898" started-at="2020-06-08T22:47:07 IST" finished-at="2020-06-08T22:48:03 IST">
      <class name="com.orangehrm.testcases.LoginPageTest">
        <test-method status="PASS" signature="setup()[pri:0, instance:com.orangehrm.testcases.LoginPageTest@6d1014]" name="setup" is-config="true" duration-ms="22971" started-at="2020-06-08T22:47:07 IST" finished-at="2020-06-08T22:47:30 IST">
          <reporter-output>
          </reporter-output>
        </test-method> <!-- setup -->
        <test-method status="PASS" signature="LoginPageTitleTest()[pri:1, instance:com.orangehrm.testcases.LoginPageTest@6d1014]" name="LoginPageTitleTest" duration-ms="15" started-at="2020-06-08T22:47:30 IST" finished-at="2020-06-08T22:47:30 IST">
          <reporter-output>
          </reporter-output>
        </test-method> <!-- LoginPageTitleTest -->
        <test-method status="PASS" signature="TearDown()[pri:0, instance:com.orangehrm.testcases.LoginPageTest@6d1014]" name="TearDown" is-config="true" duration-ms="0" started-at="2020-06-08T22:47:30 IST" finished-at="2020-06-08T22:47:30 IST">
          <reporter-output>
          </reporter-output>
        </test-method> <!-- TearDown -->
        <test-method status="PASS" signature="setup()[pri:0, instance:com.orangehrm.testcases.LoginPageTest@6d1014]" name="setup" is-config="true" duration-ms="12167" started-at="2020-06-08T22:47:30 IST" finished-at="2020-06-08T22:47:42 IST">
          <reporter-output>
          </reporter-output>
        </test-method> <!-- setup -->
        <test-method status="PASS" signature="LoginPageLogoTest()[pri:2, instance:com.orangehrm.testcases.LoginPageTest@6d1014]" name="LoginPageLogoTest" duration-ms="132" started-at="2020-06-08T22:47:42 IST" finished-at="2020-06-08T22:47:42 IST">
          <reporter-output>
          </reporter-output>
        </test-method> <!-- LoginPageLogoTest -->
        <test-method status="PASS" signature="TearDown()[pri:0, instance:com.orangehrm.testcases.LoginPageTest@6d1014]" name="TearDown" is-config="true" duration-ms="0" started-at="2020-06-08T22:47:42 IST" finished-at="2020-06-08T22:47:42 IST">
          <reporter-output>
          </reporter-output>
        </test-method> <!-- TearDown -->
        <test-method status="PASS" signature="setup()[pri:0, instance:com.orangehrm.testcases.LoginPageTest@6d1014]" name="setup" is-config="true" duration-ms="11610" started-at="2020-06-08T22:47:42 IST" finished-at="2020-06-08T22:47:54 IST">
          <reporter-output>
          </reporter-output>
        </test-method> <!-- setup -->
        <test-method status="PASS" signature="LoginTest()[pri:3, instance:com.orangehrm.testcases.LoginPageTest@6d1014]" name="LoginTest" duration-ms="8967" started-at="2020-06-08T22:47:54 IST" finished-at="2020-06-08T22:48:03 IST">
          <reporter-output>
          </reporter-output>
        </test-method> <!-- LoginTest -->
        <test-method status="PASS" signature="TearDown()[pri:0, instance:com.orangehrm.testcases.LoginPageTest@6d1014]" name="TearDown" is-config="true" duration-ms="4" started-at="2020-06-08T22:48:03 IST" finished-at="2020-06-08T22:48:03 IST">
          <reporter-output>
          </reporter-output>
        </test-method> <!-- TearDown -->
      </class> <!-- com.orangehrm.testcases.LoginPageTest -->
    </test> <!-- Default test -->
  </suite> <!-- Default suite -->
</testng-results>
