<?xml version="1.0" encoding="UTF-8"?>
<testng-results skipped="0" failed="0" ignored="0" total="3" passed="3">
  <reporter-output>
  </reporter-output>
  <suite name="Default suite" duration-ms="62496" started-at="2020-07-15T13:26:12 IST" finished-at="2020-07-15T13:27:15 IST">
    <groups>
    </groups>
    <test name="Default test" duration-ms="62496" started-at="2020-07-15T13:26:12 IST" finished-at="2020-07-15T13:27:15 IST">
      <class name="com.orangehrm.testcases.LoginPageTest">
        <test-method status="PASS" signature="setup()[pri:0, instance:com.orangehrm.testcases.LoginPageTest@14e1548]" name="setup" is-config="true" duration-ms="22710" started-at="2020-07-15T13:26:12 IST" finished-at="2020-07-15T13:26:35 IST">
          <reporter-output>
          </reporter-output>
        </test-method> <!-- setup -->
        <test-method status="PASS" signature="LoginPageTitleTest()[pri:1, instance:com.orangehrm.testcases.LoginPageTest@14e1548]" name="LoginPageTitleTest" duration-ms="210" started-at="2020-07-15T13:26:35 IST" finished-at="2020-07-15T13:26:35 IST">
          <reporter-output>
          </reporter-output>
        </test-method> <!-- LoginPageTitleTest -->
        <test-method status="PASS" signature="TearDown()[pri:0, instance:com.orangehrm.testcases.LoginPageTest@14e1548]" name="TearDown" is-config="true" duration-ms="10" started-at="2020-07-15T13:26:35 IST" finished-at="2020-07-15T13:26:35 IST">
          <reporter-output>
          </reporter-output>
        </test-method> <!-- TearDown -->
        <test-method status="PASS" signature="setup()[pri:0, instance:com.orangehrm.testcases.LoginPageTest@14e1548]" name="setup" is-config="true" duration-ms="16973" started-at="2020-07-15T13:26:35 IST" finished-at="2020-07-15T13:26:52 IST">
          <reporter-output>
          </reporter-output>
        </test-method> <!-- setup -->
        <test-method status="PASS" signature="LoginPageLogoTest()[pri:2, instance:com.orangehrm.testcases.LoginPageTest@14e1548]" name="LoginPageLogoTest" duration-ms="797" started-at="2020-07-15T13:26:52 IST" finished-at="2020-07-15T13:26:53 IST">
          <reporter-output>
          </reporter-output>
        </test-method> <!-- LoginPageLogoTest -->
        <test-method status="PASS" signature="TearDown()[pri:0, instance:com.orangehrm.testcases.LoginPageTest@14e1548]" name="TearDown" is-config="true" duration-ms="2" started-at="2020-07-15T13:26:53 IST" finished-at="2020-07-15T13:26:53 IST">
          <reporter-output>
          </reporter-output>
        </test-method> <!-- TearDown -->
        <test-method status="PASS" signature="setup()[pri:0, instance:com.orangehrm.testcases.LoginPageTest@14e1548]" name="setup" is-config="true" duration-ms="15513" started-at="2020-07-15T13:26:53 IST" finished-at="2020-07-15T13:27:09 IST">
          <reporter-output>
          </reporter-output>
        </test-method> <!-- setup -->
        <test-method status="PASS" signature="LoginTest()[pri:3, instance:com.orangehrm.testcases.LoginPageTest@14e1548]" name="LoginTest" duration-ms="6082" started-at="2020-07-15T13:27:09 IST" finished-at="2020-07-15T13:27:15 IST">
          <reporter-output>
          </reporter-output>
        </test-method> <!-- LoginTest -->
        <test-method status="PASS" signature="TearDown()[pri:0, instance:com.orangehrm.testcases.LoginPageTest@14e1548]" name="TearDown" is-config="true" duration-ms="0" started-at="2020-07-15T13:27:15 IST" finished-at="2020-07-15T13:27:15 IST">
          <reporter-output>
          </reporter-output>
        </test-method> <!-- TearDown -->
      </class> <!-- com.orangehrm.testcases.LoginPageTest -->
    </test> <!-- Default test -->
  </suite> <!-- Default suite -->
</testng-results>
